<?xml version="1.0" encoding="UTF-8"?>
<!-- Generated by org.testng.reporters.JUnitXMLReporter -->
<testsuite ignored="1" hostname="Mac.local" failures="0" tests="1" name="Test" time="7.311" errors="0" timestamp="2025-08-08T07:10:11 IST">
  <testcase classname="testCases.TC001_AccountRegisterationTest" name="validateErrorMsgEmptyData" time="1.672"/>
  <testcase classname="testCases.TC001_AccountRegisterationTest" name="verifyAccountRegisteration" time="0.0">
    <ignored/>
  </testcase> <!-- verifyAccountRegisteration -->
</testsuite> <!-- Test -->
