<?xml version="1.0" encoding="UTF-8"?>
<!-- Generated by org.testng.reporters.JUnitXMLReporter -->
<testsuite ignored="0" hostname="Mac.local" failures="0" tests="6" name="Test" time="82.89" errors="0" timestamp="2025-07-26T16:27:25 IST">
  <testcase classname="testCases.TC004_Search" name="searchBoxTestHomePage" time="5.498"/>
  <testcase classname="testCases.TC004_Search" name="searchBoxTestHomePage" time="15.323"/>
  <testcase classname="testCases.TC004_Search" name="searchBoxTestHomePage" time="15.503"/>
  <testcase classname="testCases.TC004_Search" name="searchBoxTestHomePageAfterLogin" time="7.277"/>
  <testcase classname="testCases.TC004_Search" name="searchBoxTestHomePageAfterLogin" time="17.261"/>
  <testcase classname="testCases.TC004_Search" name="searchBoxTestHomePageAfterLogin" time="16.767"/>
</testsuite> <!-- Test -->
