<?xml version="1.0" encoding="UTF-8"?>
<testng-results ignored="0" total="2" passed="2" failed="0" skipped="0">
  <reporter-output>
  </reporter-output>
  <suite started-at="2025-07-22T08:25:10 IST" name="Suite" finished-at="2025-07-22T08:25:20 IST" duration-ms="9737">
    <groups>
      <group name="Master">
        <method signature="TC001_AccountRegisterationTest.verifyAccountRegisteration()[pri:0, instance:testCases.TC001_AccountRegisterationTest@36902638]" name="verifyAccountRegisteration" class="testCases.TC001_AccountRegisterationTest"/>
        <method signature="TC002_Login_Test.verifyLogin()[pri:0, instance:testCases.TC002_Login_Test@10e31a9a]" name="verifyLogin" class="testCases.TC002_Login_Test"/>
      </group> <!-- Master -->
      <group name="Sanity">
        <method signature="TC002_Login_Test.verifyLogin()[pri:0, instance:testCases.TC002_Login_Test@10e31a9a]" name="verifyLogin" class="testCases.TC002_Login_Test"/>
      </group> <!-- Sanity -->
      <group name="Regression">
        <method signature="TC001_AccountRegisterationTest.verifyAccountRegisteration()[pri:0, instance:testCases.TC001_AccountRegisterationTest@36902638]" name="verifyAccountRegisteration" class="testCases.TC001_AccountRegisterationTest"/>
      </group> <!-- Regression -->
    </groups>
    <test started-at="2025-07-22T08:25:10 IST" name="Test" finished-at="2025-07-22T08:25:20 IST" duration-ms="9737">
      <class name="testCases.TC002_Login_Test">
        <test-method is-config="true" signature="setUp(java.lang.String,java.lang.String)[pri:0, instance:testCases.TC002_Login_Test@10e31a9a]" started-at="2025-07-22T08:25:17 IST" name="setUp" finished-at="2025-07-22T08:25:19 IST" duration-ms="1980" status="PASS">
          <params>
            <param index="0">
              <value>
                <![CDATA[chrome]]>
              </value>
            </param>
            <param index="1">
              <value>
                <![CDATA[Mac]]>
              </value>
            </param>
          </params>
          <reporter-output>
          </reporter-output>
        </test-method> <!-- setUp -->
        <test-method signature="verifyLogin()[pri:0, instance:testCases.TC002_Login_Test@10e31a9a]" started-at="2025-07-22T08:25:19 IST" name="verifyLogin" finished-at="2025-07-22T08:25:20 IST" duration-ms="1206" status="PASS">
          <reporter-output>
          </reporter-output>
        </test-method> <!-- verifyLogin -->
        <test-method is-config="true" signature="teardown()[pri:0, instance:testCases.TC002_Login_Test@10e31a9a]" started-at="2025-07-22T08:25:20 IST" name="teardown" finished-at="2025-07-22T08:25:20 IST" duration-ms="91" status="PASS">
          <reporter-output>
          </reporter-output>
        </test-method> <!-- teardown -->
      </class> <!-- testCases.TC002_Login_Test -->
      <class name="testCases.TC001_AccountRegisterationTest">
        <test-method is-config="true" signature="setUp(java.lang.String,java.lang.String)[pri:0, instance:testCases.TC001_AccountRegisterationTest@36902638]" started-at="2025-07-22T08:25:10 IST" name="setUp" finished-at="2025-07-22T08:25:15 IST" duration-ms="4633" status="PASS">
          <params>
            <param index="0">
              <value>
                <![CDATA[chrome]]>
              </value>
            </param>
            <param index="1">
              <value>
                <![CDATA[Mac]]>
              </value>
            </param>
          </params>
          <reporter-output>
          </reporter-output>
        </test-method> <!-- setUp -->
        <test-method signature="verifyAccountRegisteration()[pri:0, instance:testCases.TC001_AccountRegisterationTest@36902638]" started-at="2025-07-22T08:25:15 IST" name="verifyAccountRegisteration" finished-at="2025-07-22T08:25:17 IST" duration-ms="1587" status="PASS">
          <reporter-output>
          </reporter-output>
        </test-method> <!-- verifyAccountRegisteration -->
        <test-method is-config="true" signature="teardown()[pri:0, instance:testCases.TC001_AccountRegisterationTest@36902638]" started-at="2025-07-22T08:25:17 IST" name="teardown" finished-at="2025-07-22T08:25:17 IST" duration-ms="97" status="PASS">
          <reporter-output>
          </reporter-output>
        </test-method> <!-- teardown -->
      </class> <!-- testCases.TC001_AccountRegisterationTest -->
    </test> <!-- Test -->
  </suite> <!-- Suite -->
</testng-results>
